> tools/sync_from_cc.sh
AIC
ALH
APPM
CCH
CEC
CERT
CLH
COI
COMSA
COMTE
ECOLI
EITC
EQS
GMF
HWC
error: pathspec 'HWC/wscript_build' did not match any file(s) known to git.
LIH
LMA
LOG
OMC
OOT
PES
PMS
SAF
SWM
SYS
TIM
FAKE
error: pathspec 'test/FAKE/wscript_build' did not match any file(s) known to git.
cp: cannot stat `/vobs/rcs/test/RCT_CRX901275//FAKE/FAKE_CXA*/inc': No such file or directory
cleartool: Error: Unable to access "/vobs/rcs/test/RCT_CRX901275//FAKE/FAKE_CXA*/inc": No such file or directory.
IFT
error: pathspec 'test/IFT/wscript_build' did not match any file(s) known to git.

> git status
# On branch cc_sync
# Changed but not updated:
#   (use "git add/rm <file>..." to update what will be committed)
#   (use "git checkout -- <file>..." to discard changes in working directory)
#
#	modified:   AIC/csrc/aicomplete.html
#	modified:   AIC/esrc/aicGui.erl
#	modified:   AIC/esrc/aicLog.erl
#	modified:   AIC/esrc/aicServer.erl
#	modified:   AIC/esrc/aicSnmp.erl
#	modified:   ALH/test/suites/avli_rcs_SUITE.erl
#	deleted:    APPM/appdata/lmhi_arm.xml
#	deleted:    APPM/appdata/lmhi_sim.xml
#	modified:   APPM/csrc/appm_lmhi.c
#	modified:   APPM/esrc/appmPghServer.erl
#	modified:   APPM/esrc/appmServer.erl
#	modified:   CERT/csrc/cert_file_vc.c
#	modified:   CERT/csrc/cert_seci.c
#	modified:   CERT/csrc/cert_trace.h
#	modified:   CERT/csrc/cert_vc.c
#	modified:   CERT/esrc/certAlarm.erl
#	modified:   CERT/esrc/certCMPv2.erl
#	modified:   CERT/esrc/certCrl.erl
#	modified:   CERT/esrc/certDataInit.erl
#	modified:   CERT/esrc/certModel.erl
#	modified:   CERT/esrc/certNcServer.erl
#	modified:   CERT/esrc/certServer.erl
#	modified:   CERT/test/suites/certm_SUITE.erl
#	deleted:    CLH/appdata/appdata.xml.template
#	modified:   CLH/csrc/clh_chi.c
#	modified:   CLH/csrc/clh_csi.c
#	modified:   COI/doc/CoiIwd.doc
#	modified:   COI/esrc/coi.erl
#	modified:   COI/esrc/coi.hrl
#	modified:   COI/esrc/coiMim.erl
#	modified:   COI/inc/coi.hrl
#	modified:   COI/test/suites/coi_SUITE.erl
#	deleted:    COMSA/esrc/comSecM.erl
#	modified:   COMSA/esrc/comsaAuth.erl
#	modified:   COMSA/esrc/comsaDataInit.erl
#	modified:   COMSA/esrc/comsaEcimModelAdaptor.erl
#	modified:   COMSA/esrc/comsaEvent.erl
#	modified:   COMSA/esrc/comsaI.erl
#	modified:   COMSA/esrc/comsaServer.erl
#	modified:   COMSA/mib/RcsLocalAuthorizationMib.xml
#	modified:   COMSA/test/suites/status_led_SUITE.erl
#	modified:   COMSA/test/testspecs/comsa_arm_specs
#	deleted:    COMSA/test/testspecs/comsa_ppc_specs
#	modified:   COMSA/test/testspecs/comsa_sim_specs
#	modified:   COMTE/esrc/comte.erl
#	modified:   COMTE/esrc/comte_bert_server.erl
#	modified:   COMTE/esrc/comte_com_config.erl
#	modified:   COMTE/esrc/comte_default_transaction_server.erl
#	modified:   COMTE/esrc/comte_gen_tcpd.erl
#	modified:   COMTE/esrc/comte_lib.erl
#	modified:   COMTE/esrc/comte_sup.erl
#	modified:   ECOLI/esrc/ecoli_cmd_shell.erl
#	modified:   ECOLI/esrc/ecoli_exec.erl
#	modified:   ECOLI/test/suites/fruacc_SUITE.erl
#	modified:   ECOLI/test/suites/fruacc_lib.erl
#	modified:   EQS/esrc/eqs_pri_service.erl
#	modified:   GMF/csrc/cmsi.c
#	modified:   GMF/csrc/cmsi.h
#	modified:   GMF/doc/CmsiIwd.doc
#	modified:   GMF/esrc/gmfImmOmI.erl
#	modified:   GMF/esrc/gmfImmUg.hrl
#	modified:   GMF/esrc/gmfImmUgInserter.erl
#	modified:   GMF/esrc/gmfImmUgLib.erl
#	modified:   GMF/esrc/gmfImmUgMaster.erl
#	modified:   GMF/esrc/gmfTrService.erl
#	modified:   GMF/inc/cmsi.h
#	modified:   GMF/test/suites/cmsi_c_SUITE.erl
#	modified:   GMF/test/suites/test_cmsi.hrl
#	modified:   GMF/test/testspecs/gmf_arm_specs
#	deleted:    GMF/test/testspecs/gmf_ppc_specs
#	modified:   GMF/test/testspecs/gmf_sim_specs
#	deleted:    HWC/xml/BBhw/BBhw_basline.xml
#	modified:   LMA/csrc/osemain.c
#	modified:   LMA/doc/GLMS_IWD.doc
#	modified:   LMA/esrc/lmaI.erl
#	modified:   LMA/test/suites/lihi.hrl
#	modified:   LMA/test/suites/lihi_SUITE.erl
#	modified:   LMA/test/suites/lmaTestLib.erl
#	modified:   LMA/test/suites/lma_SUITE.erl
#	modified:   LOG/esrc/logDataInit.erl
#	modified:   LOG/esrc/logEsi.erl
#	modified:   LOG/esrc/public.key
#	modified:   LOG/test/suites/log_sec_event_SUITE.erl
#	modified:   OMC/appdata/omc_coli_registrations.xml
#	modified:   OMC/esrc/omc_https.erl
#	modified:   OMC/esrc/omc_ssh_channel.erl
#	deleted:    OOT/appdata/appdata.xml.template
#	modified:   OOT/esrc/ootCstn.erl
#	modified:   OOT/esrc/ootServer.erl
#	deleted:    PES/appdata/appdata.xml.template
#	modified:   PMS/csrc/pms_pmi2.c
#	modified:   PMS/esrc/pms.hrl
#	modified:   PMS/esrc/pmsAppJob.erl
#	modified:   PMS/esrc/pmsAppRegistry.erl
#	modified:   PMS/esrc/pmsDb.erl
#	modified:   PMS/esrc/pmsDebug.erl
#	modified:   PMS/esrc/pmsJob.erl
#	modified:   PMS/esrc/pmsJobGroup.erl
#	modified:   PMS/esrc/pmsLib.erl
#	modified:   PMS/esrc/pmsServer.erl
#	modified:   PMS/esrc/pmsSession2.erl
#	modified:   PMS/esrc/pmsShowCounters.erl
#	modified:   PMS/esrc/pmsShowCounters2.erl
#	modified:   PMS/esrc/pmsShowCountersI.erl
#	modified:   PMS/test/suites/pmi_erl_app.erl
#	modified:   PMS/test/suites/pms2_com2_ext_sc_SUITE.erl
#	modified:   PMS/test/suites/pms2_erl_app.erl
#	modified:   PMS/test/suites/pms2_job_basic_SUITE.erl
#	modified:   PMS/test/suites/pms2_job_ext_SUITE.erl
#	modified:   PMS/test/suites/pms2_load_test_SUITE.erl
#	modified:   PMS/test/suites/pms2_load_test_lib.erl
#	modified:   PMS/test/suites/pms2_rop_job_stop_2_SUITE.erl
#	modified:   PMS/test/suites/pms2_rop_mixed_SUITE.erl
#	modified:   PMS/test/suites/pms2_rop_rm_add_mr_2_SUITE.erl
#	modified:   PMS/test/suites/pms2_rop_rm_add_mr_5_SUITE.erl
#	modified:   PMS/test/suites/pms2_test.hrl
#	modified:   PMS/test/suites/pms2_test_lib.erl
#	modified:   PMS/test/suites/pmsLoadApp.erl
#	modified:   PMS/test/suites/pms_capabilities_SUITE.erl
#	modified:   PMS/test/suites/pms_erl_app_relay.erl
#	modified:   PMS/test/suites/pms_log_hook.erl
#	modified:   PMS/test/suites/pms_rop_ext_1_SUITE.erl
#	modified:   PMS/test/suites/pms_rop_rm_add_mr_2_SUITE.erl
#	modified:   PMS/test/suites/pms_rop_rm_add_mr_3_SUITE.erl
#	modified:   PMS/test/suites/pms_rop_rm_add_mr_5_SUITE.erl
#	modified:   PMS/test/suites/pms_sc_SUITE.erl
#	deleted:    SAF/appdata/appdata.xml.template
#	modified:   SAF/esrc/safs.version
#	modified:   SAF/esrc/safs_com_inproxy.erl
#	modified:   SAF/esrc/safs_imm_oi_com.erl
#	modified:   SAF/test/testspecs/saf_sim_specs
#	modified:   SWM/esrc/swmBoardList.erl
#	modified:   SWM/esrc/swmColi.erl
#	modified:   SWM/esrc/swmDataInit.erl
#	modified:   SWM/esrc/swmI.erl
#	modified:   SWM/esrc/swmOs.erl
#	modified:   SWM/esrc/swmServer.erl
#	modified:   SWM/inc/RcsSwIM.hrl
#	modified:   SWM/model/RcsSwIM.xml
#	modified:   SWM/schema/CxpInfo.xsd
#	modified:   SWM/schema/HwCompatiblity.xsd
#	modified:   SYS/csrc/fi.h
#	modified:   SYS/esrc/sys/make_release.escript
#	modified:   SYS/esrc/sys/mw.lab_env
#	modified:   SYS/esrc/sys/rcs_start
#	modified:   SYS/esrc/sys/start_rcs.sh
#	modified:   SYS/esrc/sys/sysDataInit.erl
#	modified:   SYS/esrc/sys/sysEnv.erl
#	modified:   SYS/esrc/sys/sysUtil.erl
#	modified:   SYS/esrc/sysdb/sysDbServer.erl
#	modified:   SYS/inc/fi.h
#	deleted:    TIM/appdata/appdata.xml.template
#	modified:   test/FAKE/appdata/TESTMOM_appdata_imm.xml
#	modified:   test/FAKE/csrc/noble_icti_dyn.c
#	modified:   test/FAKE/etc/CoreMW_Profile_Model.emx
#	modified:   test/FAKE/etc/TESTMOM_imm_classes.xml
#	modified:   test/FAKE/etc/TESTMOM_mp_extended.xml
#	modified:   test/FAKE/etc/testInstances5_imm_objects.xml
#	modified:   test/IFT/csrc/imm.c
#	modified:   test/IFT/csrc/test_cmsi.c
#	modified:   tools/cc_sync.log
#
# Untracked files:
#   (use "git add <file>..." to include in what will be committed)
#
#	AIC/csrc/help.html
#	ALH/appdata/alh_lmhi_arm.xml
#	ALH/appdata/alh_lmhi_sim.xml
#	APPM/appdata/appm_lmhi_arm.xml
#	APPM/appdata/appm_lmhi_sim.xml
#	CEC/appdata/cec_lmhi_arm.xml
#	CEC/appdata/cec_lmhi_sim.xml
#	CERT/appdata/cert_lmhi_arm.xml
#	CERT/appdata/cert_lmhi_sim.xml
#	CERT/test/bin/
#	CERT/test/esrc/
#	CLH/appdata/clh_lmhi_arm.xml
#	CLH/appdata/clh_lmhi_sim.xml
#	COMSA/esrc/comsaTlsCipherConfig.erl
#	COMSA/esrc/rcsSecM.erl
#	COMSA/inc/RcsLocalAuthorization.hrl
#	COMSA/inc/RcsSecM.hrl
#	COMSA/model/RcsLocalAuthorization.xml
#	COMSA/model/RcsSecM.xml
#	COMSA/test/suites/comsa_avc.hrl
#	COMSA/test/suites/comsa_avc_SUITE.erl
#	COMSA/test/suites/comsa_avc_netconf_subscriber.erl
#	COMTE/appdata/comte_lmhi_arm.xml
#	COMTE/appdata/comte_lmhi_sim.xml
#	COMTE/esrc/comte_error_logger.erl
#	EQS/appdata/eqs_lmhi_arm.xml
#	EQS/appdata/eqs_lmhi_sim.xml
#	GMF/appdata/GMF_lmhi_arm.xml
#	GMF/appdata/GMF_lmhi_sim.xml
#	HWC/xml/BBhw/HW_model_baseline.xml
#	LIH/appdata/
#	LOG/test/suites/log_license_support.erl
#	OOT/appdata/OOT_lmhi_arm.xml
#	OOT/appdata/OOT_lmhi_sim.xml
#	PES/appdata/pes_lmhi_arm.xml
#	PES/appdata/pes_lmhi_sim.xml
#	PMS/appdata/pms_lmhi_arm.xml
#	PMS/appdata/pms_lmhi_sim.xml
#	PMS/esrc/pmsJobMeasInfo.erl
#	PMS/test/suites/pms2_com2_flex_basic_sc_SUITE.erl
#	PMS/test/suites/pms2_flex_job_basic_SUITE.erl
#	PMS/test/suites/pms2_flex_rop_basic_SUITE.erl
#	PMS/test/suites/pms2_flex_test.hrl
#	PMS/test/suites/pms2_rop_cluster_pmi2_SUITE.erl
#	SAF/appdata/saf_lmhi_arm.xml
#	SAF/appdata/saf_lmhi_sim.xml
#	SYS/appdata/sys_lmhi_arm.xml
#	SYS/appdata/sys_lmhi_sim.xml
#	SYS/appdata/sys_lmhi_vrcs.xml
#	SYS/esrc/sys/start_rcs.sh-cfg.xml
#	SYS/esrc/sys/start_vrcs.sh
#	SYS/esrc/sys/start_vrcs.sh-cfg.xml
#	TIM/appdata/tim_lmhi_arm.xml
#	TIM/appdata/tim_lmhi_sim.xml
#	test/FAKE/appdata/BUG_imm.xml
#	test/FAKE/appdata/BUG_mim.xml
#	test/FAKE/appdata/pms_flex_app.xml
#	test/FAKE/appdata/pms_flex_counter_alias.xml
#	test/FAKE/etc/BUG_immR3_classes.xml
#	test/FAKE/etc/BUG_mp.xml
#	test/FAKE/etc/BUGinstances_immR3_objects.xml
#	test/FAKE/test/bug/
#	tools/cc_sync-2.log
no changes added to commit (use "git add" and/or "git commit -a")
